<?xml version="1.0" encoding="UTF-8"?>
<testng-results ignored="0" total="2" passed="2" failed="0" skipped="0">
  <reporter-output>
  </reporter-output>
  <suite started-at="2023-12-23T18:47:52Z" name="Suite" finished-at="2023-12-23T18:48:25Z" duration-ms="33369">
    <groups>
    </groups>
    <test started-at="2023-12-23T18:47:52Z" name="Test" finished-at="2023-12-23T18:48:25Z" duration-ms="33369">
      <class name="AppiumPackage.AddToCartImplementation">
        <test-method is-config="true" signature="setUp()[pri:0, instance:AppiumPackage.AddToCartImplementation@4a335fa8]" started-at="2023-12-23T18:47:52Z" name="setUp" finished-at="2023-12-23T18:47:59Z" duration-ms="7084" status="PASS">
          <reporter-output>
          </reporter-output>
        </test-method> <!-- setUp -->
        <test-method signature="fillForm()[pri:1, instance:AppiumPackage.AddToCartImplementation@4a335fa8]" started-at="2023-12-23T18:47:59Z" name="fillForm" finished-at="2023-12-23T18:48:16Z" duration-ms="16790" status="PASS">
          <reporter-output>
          </reporter-output>
        </test-method> <!-- fillForm -->
        <test-method signature="fillForm1()[pri:2, instance:AppiumPackage.AddToCartImplementation@4a335fa8]" started-at="2023-12-23T18:48:16Z" name="fillForm1" finished-at="2023-12-23T18:48:25Z" duration-ms="9427" status="PASS">
          <reporter-output>
          </reporter-output>
        </test-method> <!-- fillForm1 -->
      </class> <!-- AppiumPackage.AddToCartImplementation -->
    </test> <!-- Test -->
  </suite> <!-- Suite -->
</testng-results>
