<?xml version="1.0" encoding="UTF-8"?>
<testng-results ignored="0" total="1" passed="1" failed="0" skipped="0">
  <reporter-output>
  </reporter-output>
  <suite started-at="2023-12-19T16:29:49Z" name="Default suite" finished-at="2023-12-19T16:30:16Z" duration-ms="27503">
    <groups>
    </groups>
    <test started-at="2023-12-19T16:29:49Z" name="Default test" finished-at="2023-12-19T16:30:16Z" duration-ms="27503">
      <class name="AppiumPackage.EcommerceApp3">
        <test-method is-config="true" signature="base()[pri:0, instance:AppiumPackage.EcommerceApp3@51133c06]" started-at="2023-12-19T16:29:49Z" name="base" finished-at="2023-12-19T16:29:57Z" duration-ms="8677" status="PASS">
          <reporter-output>
          </reporter-output>
        </test-method> <!-- base -->
        <test-method signature="fillForm()[pri:0, instance:AppiumPackage.EcommerceApp3@51133c06]" started-at="2023-12-19T16:29:57Z" name="fillForm" finished-at="2023-12-19T16:30:16Z" duration-ms="18794" status="PASS">
          <reporter-output>
          </reporter-output>
        </test-method> <!-- fillForm -->
      </class> <!-- AppiumPackage.EcommerceApp3 -->
    </test> <!-- Default test -->
  </suite> <!-- Default suite -->
</testng-results>
